<?xml version="1.0" encoding="UTF-8"?>
<!-- Generated by org.testng.reporters.JUnitReportReporter -->
<testsuite hostname="Ty_Nguyen" name="com.bankguru.testcase.NewCustomerScript" tests="26" failures="0" timestamp="20 Jun 2019 08:23:21 GMT" time="57.477" errors="0">
  <testcase name="TC_02_inputNumberCustomerName" time="2.540" classname="com.bankguru.testcase.NewCustomerScript"/>
  <testcase name="TC_30_inputnewCustomervalid" time="8.360" classname="com.bankguru.testcase.NewCustomerScript"/>
  <testcase name="TC_21_pressTabMobileNumber" time="1.543" classname="com.bankguru.testcase.NewCustomerScript"/>
  <testcase name="TC_11_pressKeySpaceCity" time="2.615" classname="com.bankguru.testcase.NewCustomerScript"/>
  <testcase name="TC_01_PresskeyTab" time="2.424" classname="com.bankguru.testcase.NewCustomerScript"/>
  <testcase name="TC_08_pressKeyTabCity" time="2.249" classname="com.bankguru.testcase.NewCustomerScript"/>
  <testcase name="TC_05_pressKeyTabAddress" time="1.356" classname="com.bankguru.testcase.NewCustomerScript"/>
  <testcase name="TC_24_inputNumberMobileNumber" time="1.565" classname="com.bankguru.testcase.NewCustomerScript"/>
  <testcase name="TC_12_pressKeyTabState" time="1.494" classname="com.bankguru.testcase.NewCustomerScript"/>
  <testcase name="TC_15_pressKeyState" time="2.263" classname="com.bankguru.testcase.NewCustomerScript"/>
  <testcase name="TC_26_pressTabEmail" time="4.239" classname="com.bankguru.testcase.NewCustomerScript"/>
  <testcase name="TC_22_pressSpaceMobileNumber" time="1.625" classname="com.bankguru.testcase.NewCustomerScript"/>
  <testcase name="TC_16_1_inputNumberPin" time="1.500" classname="com.bankguru.testcase.NewCustomerScript"/>
  <testcase name="TC_16_2_inputPinCharacter" time="1.615" classname="com.bankguru.testcase.NewCustomerScript"/>
  <testcase name="TC_20_pressTabPin" time="1.836" classname="com.bankguru.testcase.NewCustomerScript"/>
  <testcase name="TC_04_pressKeyTabCustomerName" time="2.633" classname="com.bankguru.testcase.NewCustomerScript"/>
  <testcase name="TC_10_inputspecialcharacterCity" time="2.199" classname="com.bankguru.testcase.NewCustomerScript"/>
  <testcase name="TC_14_inputSpecialCharacterState" time="1.537" classname="com.bankguru.testcase.NewCustomerScript"/>
  <testcase name="TC_06_pressKeySpaceAddress" time="1.595" classname="com.bankguru.testcase.NewCustomerScript"/>
  <testcase name="TC_19_inputPinspecialCharacter" time="1.469" classname="com.bankguru.testcase.NewCustomerScript"/>
  <testcase name="TC_13_inputNumberState" time="1.554" classname="com.bankguru.testcase.NewCustomerScript"/>
  <testcase name="TC_09_inputNumberCity" time="2.165" classname="com.bankguru.testcase.NewCustomerScript"/>
  <testcase name="TC_25_inputspecialCharacterMobileNumber" time="1.657" classname="com.bankguru.testcase.NewCustomerScript"/>
  <testcase name="TC_03_inputNumberSpecialCharacterName" time="2.144" classname="com.bankguru.testcase.NewCustomerScript"/>
  <testcase name="TC_29_pressTabEmail" time="1.743" classname="com.bankguru.testcase.NewCustomerScript"/>
  <testcase name="TC_17_pressTabPin" time="1.557" classname="com.bankguru.testcase.NewCustomerScript"/>
</testsuite> <!-- com.bankguru.testcase.NewCustomerScript -->
