<?xml version="1.0" encoding="UTF-8"?>
<!-- Generated by org.testng.reporters.JUnitReportReporter -->
<testsuite hostname="Ty_Nguyen" name="com.bankguru.testcase.EditCustomerScript" tests="16" failures="0" timestamp="20 Jun 2019 08:23:21 GMT" time="52.707" errors="0">
  <testcase name="TC_11_clearAddressandpressKeyTabCity" time="3.474" classname="com.bankguru.testcase.EditCustomerScript"/>
  <testcase name="TC_14_editStatewithnumberandspecialcharacter" time="3.470" classname="com.bankguru.testcase.EditCustomerScript"/>
  <testcase name="TC_18_EditStatepressKeyTabaandcharacterandSPACE" time="4.065" classname="com.bankguru.testcase.EditCustomerScript"/>
  <testcase name="TC_19_EditEmailpressKeyTabaandcharacterSPACE" time="3.831" classname="com.bankguru.testcase.EditCustomerScript"/>
  <testcase name="TC_20_EditEmailwrongemailandspecialCharacter" time="4.623" classname="com.bankguru.testcase.EditCustomerScript"/>
  <testcase name="TC_05_inputCustomerIDvalid" time="3.329" classname="com.bankguru.testcase.EditCustomerScript"/>
  <testcase name="TC_17_EditCitypressKeyTabandSPACE" time="3.449" classname="com.bankguru.testcase.EditCustomerScript"/>
  <testcase name="TC_04_inputCustomerIDCharacter" time="2.638" classname="com.bankguru.testcase.EditCustomerScript"/>
  <testcase name="TC_10_clearAddressandinputAddressspecialCharacter" time="3.942" classname="com.bankguru.testcase.EditCustomerScript"/>
  <testcase name="TC_01_pressKeyTabCustomerId" time="1.875" classname="com.bankguru.testcase.EditCustomerScript"/>
  <testcase name="TC_09_clearAddressandpressTabAddress" time="3.449" classname="com.bankguru.testcase.EditCustomerScript"/>
  <testcase name="TC_16_EditPinnumbernotenoughandSpecialCharacter" time="3.614" classname="com.bankguru.testcase.EditCustomerScript"/>
  <testcase name="TC_02_inputCustomerIDnumberandCharacter" time="2.791" classname="com.bankguru.testcase.EditCustomerScript"/>
  <testcase name="TC_03_inputCustomerIDspecialCharacter" time="2.017" classname="com.bankguru.testcase.EditCustomerScript"/>
  <testcase name="TC_08_clearAddress" time="2.732" classname="com.bankguru.testcase.EditCustomerScript"/>
  <testcase name="TC_12_inputNumberCity" time="3.408" classname="com.bankguru.testcase.EditCustomerScript"/>
</testsuite> <!-- com.bankguru.testcase.EditCustomerScript -->
