<?xml version="1.0" encoding="UTF-8"?>
<!-- Generated by org.testng.reporters.JUnitReportReporter -->
<testsuite hostname="Ty_Nguyen" name="com.bankguru.testcase.RegisterScript" tests="1" failures="0" timestamp="18 Jun 2019 09:15:15 GMT" time="3.700" errors="0">
  <testcase name="TC_01" time="3.700" classname="com.bankguru.testcase.RegisterScript"/>
</testsuite> <!-- com.bankguru.testcase.RegisterScript -->
