<?xml version="1.0" encoding="UTF-8"?>
<!-- Generated by org.testng.reporters.JUnitReportReporter -->
<testsuite hostname="Ty_Nguyen" name="com.bankguru.testcase.RegisterScript" tests="1" failures="0" timestamp="20 Jun 2019 08:23:21 GMT" time="20.480" errors="0">
  <testcase name="TC_01" time="20.480" classname="com.bankguru.testcase.RegisterScript"/>
</testsuite> <!-- com.bankguru.testcase.RegisterScript -->
